# JRE version: Java(TM) SE Runtime Environment (8.0_20-b26) (build 1.8.0_20-b26)
# Java VM: Java HotSpot(TM) Client VM (25.20-b23 mixed mode, sharing windows-x86 )
Heap:
 def new generation   total 4928K, used 2978K [0x03c00000, 0x04150000, 0x09150000)
  eden space 4416K,  66% used [0x03c00000, 0x03eda798, 0x04050000)
  from space 512K,  10% used [0x040d0000, 0x040de0f8, 0x04150000)
  to   space 512K,   0% used [0x04050000, 0x04050000, 0x040d0000)
 tenured generation   total 10944K, used 4680K [0x09150000, 0x09c00000, 0x13c00000)
   the space 10944K,  42% used [0x09150000, 0x095e2248, 0x095e2400, 0x09c00000)
 Metaspace       used 1220K, capacity 2496K, committed 2624K, reserved 4480K
GC Heap History (6 events):
Event: 0.331 GC heap before
{Heap before GC invocations=0 (full 0):
 def new generation   total 4928K, used 4416K [0x03c00000, 0x04150000, 0x09150000)
  eden space 4416K, 100% used [0x03c00000, 0x04050000, 0x04050000)
  from space 512K,   0% used [0x04050000, 0x04050000, 0x040d0000)
  to   space 512K,   0% used [0x040d0000, 0x040d0000, 0x04150000)
 tenured generation   total 10944K, used 0K [0x09150000, 0x09c00000, 0x13c00000)
   the space 10944K,   0% used [0x09150000, 0x09150000, 0x09150200, 0x09c00000)
 Metaspace       used 616K, capacity 2452K, committed 2496K, reserved 4480K
Event: 0.337 GC heap after
Heap after GC invocations=1 (full 0):
 def new generation   total 4928K, used 512K [0x03c00000, 0x04150000, 0x09150000)
  eden space 4416K,   0% used [0x03c00000, 0x03c00000, 0x04050000)
  from space 512K, 100% used [0x040d0000, 0x04150000, 0x04150000)
  to   space 512K,   0% used [0x04050000, 0x04050000, 0x040d0000)
 tenured generation   total 10944K, used 1355K [0x09150000, 0x09c00000, 0x13c00000)
   the space 10944K,  12% used [0x09150000, 0x092a2ec0, 0x092a3000, 0x09c00000)
 Metaspace       used 616K, capacity 2452K, committed 2496K, reserved 4480K
}
Event: 18.110 GC heap before
{Heap before GC invocations=1 (full 0):
 def new generation   total 4928K, used 4077K [0x03c00000, 0x04150000, 0x09150000)
  eden space 4416K,  80% used [0x03c00000, 0x03f7b440, 0x04050000)
  from space 512K, 100% used [0x040d0000, 0x04150000, 0x04150000)
  to   space 512K,   0% used [0x04050000, 0x04050000, 0x040d0000)
 tenured generation   total 10944K, used 1355K [0x09150000, 0x09c00000, 0x13c00000)
   the space 10944K,  12% used [0x09150000, 0x092a2ec0, 0x092a3000, 0x09c00000)
 Metaspace       used 1180K, capacity 2494K, committed 2496K, reserved 4480K
Event: 18.113 GC heap after
Heap after GC invocations=2 (full 0):
 def new generation   total 4928K, used 445K [0x03c00000, 0x04150000, 0x09150000)
  eden space 4416K,   0% used [0x03c00000, 0x03c00000, 0x04050000)
  from space 512K,  86% used [0x04050000, 0x040bf530, 0x040d0000)
  to   space 512K,   0% used [0x040d0000, 0x040d0000, 0x04150000)
 tenured generation   total 10944K, used 1844K [0x09150000, 0x09c00000, 0x13c00000)
   the space 10944K,  16% used [0x09150000, 0x0931d1d0, 0x0931d200, 0x09c00000)
 Metaspace       used 1180K, capacity 2494K, committed 2496K, reserved 4480K
}
Event: 48.411 GC heap before
{Heap before GC invocations=2 (full 0):
 def new generation   total 4928K, used 4861K [0x03c00000, 0x04150000, 0x09150000)
  eden space 4416K, 100% used [0x03c00000, 0x04050000, 0x04050000)
  from space 512K,  86% used [0x04050000, 0x040bf530, 0x040d0000)
  to   space 512K,   0% used [0x040d0000, 0x040d0000, 0x04150000)
 tenured generation   total 10944K, used 1844K [0x09150000, 0x09c00000, 0x13c00000)
   the space 10944K,  16% used [0x09150000, 0x0931d1d0, 0x0931d200, 0x09c00000)
 Metaspace       used 1216K, capacity 2494K, committed 2496K, reserved 4480K
Event: 48.413 GC heap after
Heap after GC invocations=3 (full 0):
 def new generation   total 4928K, used 56K [0x03c00000, 0x04150000, 0x09150000)
  eden space 4416K,   0% used [0x03c00000, 0x03c00000, 0x04050000)
  from space 512K,  10% used [0x040d0000, 0x040de0f8, 0x04150000)
  to   space 512K,   0% used [0x04050000, 0x04050000, 0x040d0000)
 tenured generation   total 10944K, used 4680K [0x09150000, 0x09c00000, 0x13c00000)
   the space 10944K,  42% used [0x09150000, 0x095e2248, 0x095e2400, 0x09c00000)
 Metaspace       used 1216K, capacity 2494K, committed 2496K, reserved 4480K
}

